Using pre-set license
Built from '2020.3/release' branch; Version is '2020.3.2f1 (8fd9074bf66c) revision 9427207'; Using compiler version '192528614'; Build Type 'Release'
OS: 'Windows 10 Pro; OS build 18363.1256; Version 1909; 64bit' Language: 'fi' Physical Memory: 8130 MB
BatchMode: 1, IsHumanControllingUs: 0, StartBugReporterOnCrash: 0, Is64bit: 1, IsPro: 0

 COMMAND LINE ARGUMENTS:
C:\Program Files\Unity\Hub\Editor\2020.3.2f1\Editor\Unity.exe
-adb2
-batchMode
-noUpm
-name
AssetImportWorker0
-projectPath
E:/Unity/MultiShooter
-logFile
Logs/AssetImportWorker0.log
-srvPort
64431
Successfully changed project path to: E:/Unity/MultiShooter
E:/Unity/MultiShooter
Using Asset Import Pipeline V2.
Refreshing native plugins compatible for Editor in 34.46 ms, found 0 plugins.
Preloading 0 native plugins for Editor in 0.00 ms.
Initialize engine version: 2020.3.2f1 (8fd9074bf66c)
[Subsystems] Discovering subsystems at path C:/Program Files/Unity/Hub/Editor/2020.3.2f1/Editor/Data/Resources/UnitySubsystems
[Subsystems] Discovering subsystems at path E:/Unity/MultiShooter/Assets
GfxDevice: creating device client; threaded=0
Direct3D:
    Version:  Direct3D 11.0 [level 11.1]
    Renderer: NVIDIA GeForce GTX 1060 6GB (ID=0x1c03)
    Vendor:   
    VRAM:     6052 MB
    Driver:   27.21.14.6192
Initialize mono
Mono path[0] = 'C:/Program Files/Unity/Hub/Editor/2020.3.2f1/Editor/Data/Managed'
Mono path[1] = 'C:/Program Files/Unity/Hub/Editor/2020.3.2f1/Editor/Data/MonoBleedingEdge/lib/mono/unityjit'
Mono config path = 'C:/Program Files/Unity/Hub/Editor/2020.3.2f1/Editor/Data/MonoBleedingEdge/etc'
Using monoOptions --debugger-agent=transport=dt_socket,embedding=1,server=y,suspend=n,address=127.0.0.1:56840
Begin MonoManager ReloadAssembly
Registering precompiled unity dll's ...
Register platform support module: C:/Program Files/Unity/Hub/Editor/2020.3.2f1/Editor/Data/PlaybackEngines/WindowsStandaloneSupport/UnityEditor.WindowsStandalone.Extensions.dll
Registered in 0.003598 seconds.
Native extension for WindowsStandalone target not found
Refreshing native plugins compatible for Editor in 31.66 ms, found 0 plugins.
Preloading 0 native plugins for Editor in 0.00 ms.
Invoked RoslynAnalysisRunner static constructor.
RoslynAnalysisRunner will not be running.
RoslynAnalysisRunner has terminated.
Mono: successfully reloaded assembly
- Completed reload, in  1.530 seconds
Platform modules already initialized, skipping
Registering precompiled user dll's ...
Registered in 0.008641 seconds.
Begin MonoManager ReloadAssembly
Native extension for WindowsStandalone target not found
Refreshing native plugins compatible for Editor in 0.34 ms, found 0 plugins.
Preloading 0 native plugins for Editor in 0.00 ms.
Invoked RoslynAnalysisRunner static constructor.
RoslynAnalysisRunner will not be running.
RoslynAnalysisRunner has terminated.
Mono: successfully reloaded assembly
- Completed reload, in  0.998 seconds
Platform modules already initialized, skipping
========================================================================
Worker process is ready to serve import requests
Launched and connected shader compiler UnityShaderCompiler.exe after 0.07 seconds
Refreshing native plugins compatible for Editor in 0.51 ms, found 0 plugins.
Preloading 0 native plugins for Editor in 0.00 ms.
Unloading 1354 Unused Serialized files (Serialized files now loaded: 0)
System memory in use before: 66.7 MB.
System memory in use after: 66.7 MB.

Unloading 16 unused Assets to reduce memory usage. Loaded Objects now: 1793.
Total: 2.425500 ms (FindLiveObjects: 0.319200 ms CreateObjectMapping: 0.128300 ms MarkObjects: 1.881200 ms  DeleteObjects: 0.095600 ms)

========================================================================
Received Import Request.
  path: Assets/Photon/PhotonUnityNetworking/Code/PhotonUnityNetworking.asmdef
  artifactKey: Guid(57c32fc907df0f54e8e6e8f0d2488336) Importer(815301076,1909f56bfc062723c751e8b465ee728b)
Start importing Assets/Photon/PhotonUnityNetworking/Code/PhotonUnityNetworking.asmdef using Guid(57c32fc907df0f54e8e6e8f0d2488336) Importer(815301076,1909f56bfc062723c751e8b465ee728b)  -> (artifact id: '486e74e24350c577cd07b433c2b908df') in 0.026075 seconds
  Import took 0.028585 seconds .

========================================================================
Received Import Request.
  Time since last request: 0.000285 seconds.
  path: Assets/Photon/PhotonUnityNetworking/Demos/PhotonUnityNetworking.Demos.asmdef
  artifactKey: Guid(35cc2632df2760540bcc67312740008b) Importer(815301076,1909f56bfc062723c751e8b465ee728b)
Start importing Assets/Photon/PhotonUnityNetworking/Demos/PhotonUnityNetworking.Demos.asmdef using Guid(35cc2632df2760540bcc67312740008b) Importer(815301076,1909f56bfc062723c751e8b465ee728b)  -> (artifact id: 'e5fa1df4926472b3828a6891b354674a') in 0.004009 seconds
  Import took 0.006521 seconds .

========================================================================
Received Prepare
Registering precompiled user dll's ...
Registered in 0.007933 seconds.
Begin MonoManager ReloadAssembly
Native extension for WindowsStandalone target not found
Refreshing native plugins compatible for Editor in 0.32 ms, found 0 plugins.
Preloading 0 native plugins for Editor in 0.00 ms.
Invoked RoslynAnalysisRunner static constructor.
RoslynAnalysisRunner will not be running.
RoslynAnalysisRunner has terminated.
Mono: successfully reloaded assembly
- Completed reload, in  0.920 seconds
Platform modules already initialized, skipping
Refreshing native plugins compatible for Editor in 0.33 ms, found 0 plugins.
Preloading 0 native plugins for Editor in 0.00 ms.
Unloading 1216 Unused Serialized files (Serialized files now loaded: 0)
System memory in use before: 62.8 MB.
System memory in use after: 62.8 MB.

Unloading 125 unused Assets to reduce memory usage. Loaded Objects now: 1682.
Total: 2.242400 ms (FindLiveObjects: 0.187700 ms CreateObjectMapping: 0.106500 ms MarkObjects: 1.825700 ms  DeleteObjects: 0.121700 ms)

========================================================================
Received Import Request.
  Time since last request: 49.070808 seconds.
  path: Assets/Photon/PhotonUnityNetworking/Resources/PhotonServerSettings.asset
  artifactKey: Guid(8435db4690e2ee44480d63464fa3bc04) Importer(815301076,1909f56bfc062723c751e8b465ee728b)
Start importing Assets/Photon/PhotonUnityNetworking/Resources/PhotonServerSettings.asset using Guid(8435db4690e2ee44480d63464fa3bc04) Importer(815301076,1909f56bfc062723c751e8b465ee728b)  -> (artifact id: '3c9469d15a4e90ab6373b790f54c3340') in 0.017888 seconds
  Import took 0.020653 seconds .

========================================================================
Received Import Request.
  Time since last request: 0.011148 seconds.
  path: Assets/Photon/PhotonUnityNetworking/Resources/PhotonServerSettings.asset
  artifactKey: Guid(8435db4690e2ee44480d63464fa3bc04) Importer(815301076,1909f56bfc062723c751e8b465ee728b)
Start importing Assets/Photon/PhotonUnityNetworking/Resources/PhotonServerSettings.asset using Guid(8435db4690e2ee44480d63464fa3bc04) Importer(815301076,1909f56bfc062723c751e8b465ee728b)  -> (artifact id: '3c9469d15a4e90ab6373b790f54c3340') in 0.005499 seconds
  Import took 0.008034 seconds .

========================================================================
Received Import Request.
  Time since last request: 1010.471860 seconds.
  path: Assets/Photon/PhotonUnityNetworking/Resources/PhotonServerSettings.asset
  artifactKey: Guid(8435db4690e2ee44480d63464fa3bc04) Importer(815301076,1909f56bfc062723c751e8b465ee728b)
Start importing Assets/Photon/PhotonUnityNetworking/Resources/PhotonServerSettings.asset using Guid(8435db4690e2ee44480d63464fa3bc04) Importer(815301076,1909f56bfc062723c751e8b465ee728b)  -> (artifact id: '0a91002377c0c5d9aaaedde9b7b74653') in 0.018776 seconds
  Import took 0.022591 seconds .

========================================================================
Received Prepare
Registering precompiled user dll's ...
Registered in 0.007692 seconds.
Begin MonoManager ReloadAssembly
Native extension for WindowsStandalone target not found
Refreshing native plugins compatible for Editor in 0.30 ms, found 0 plugins.
Preloading 0 native plugins for Editor in 0.00 ms.
Invoked RoslynAnalysisRunner static constructor.
RoslynAnalysisRunner will not be running.
RoslynAnalysisRunner has terminated.
Mono: successfully reloaded assembly
- Completed reload, in  0.905 seconds
Platform modules already initialized, skipping
Refreshing native plugins compatible for Editor in 0.30 ms, found 0 plugins.
Preloading 0 native plugins for Editor in 0.00 ms.
Unloading 1216 Unused Serialized files (Serialized files now loaded: 0)
System memory in use before: 62.4 MB.
System memory in use after: 62.5 MB.

Unloading 10 unused Assets to reduce memory usage. Loaded Objects now: 1686.
Total: 2.103300 ms (FindLiveObjects: 0.156900 ms CreateObjectMapping: 0.073200 ms MarkObjects: 1.805800 ms  DeleteObjects: 0.066400 ms)

========================================================================
Received Import Request.
  Time since last request: 389.481390 seconds.
  path: Assets/Prefabs/UI
  artifactKey: Guid(6af84aa91ddf6404192f8271c73e5810) Importer(815301076,1909f56bfc062723c751e8b465ee728b)
Start importing Assets/Prefabs/UI using Guid(6af84aa91ddf6404192f8271c73e5810) Importer(815301076,1909f56bfc062723c751e8b465ee728b)  -> (artifact id: 'ff5e36f98b65e02630219f11bfb2336a') in 0.006187 seconds
  Import took 0.008168 seconds .

========================================================================
Received Import Request.
  Time since last request: 4.050515 seconds.
  path: Assets/Prefabs/UI/FindRoom.prefab
  artifactKey: Guid(5c2911b65f14f2446bf10c78bab62df2) Importer(815301076,1909f56bfc062723c751e8b465ee728b)
Start importing Assets/Prefabs/UI/FindRoom.prefab using Guid(5c2911b65f14f2446bf10c78bab62df2) Importer(815301076,1909f56bfc062723c751e8b465ee728b)  -> (artifact id: '4273d76389371ec064d621bdcc33836e') in 0.099523 seconds
  Import took 0.102073 seconds .

========================================================================
Received Import Request.
  Time since last request: 4.837650 seconds.
  path: Assets/Prefabs/UI/Button.prefab
  artifactKey: Guid(5c2911b65f14f2446bf10c78bab62df2) Importer(815301076,1909f56bfc062723c751e8b465ee728b)
Start importing Assets/Prefabs/UI/Button.prefab using Guid(5c2911b65f14f2446bf10c78bab62df2) Importer(815301076,1909f56bfc062723c751e8b465ee728b)  -> (artifact id: '50759d0980d4e5abb6949befe80701c5') in 0.028910 seconds
  Import took 0.031595 seconds .

========================================================================
Received Import Request.
  Time since last request: 107.837936 seconds.
  path: Assets/Prefabs/UI/Button.prefab
  artifactKey: Guid(5c2911b65f14f2446bf10c78bab62df2) Importer(815301076,1909f56bfc062723c751e8b465ee728b)
Start importing Assets/Prefabs/UI/Button.prefab using Guid(5c2911b65f14f2446bf10c78bab62df2) Importer(815301076,1909f56bfc062723c751e8b465ee728b)  -> (artifact id: '2d7a3e6ded63f10a14efef944e675c9c') in 0.028960 seconds
  Import took 0.031544 seconds .

========================================================================
Received Import Request.
  Time since last request: 312.292118 seconds.
  path: Assets/Scripts/Launcher.cs
  artifactKey: Guid(44358bf8180e53945b35da9cb671ecfb) Importer(815301076,1909f56bfc062723c751e8b465ee728b)
Start importing Assets/Scripts/Launcher.cs using Guid(44358bf8180e53945b35da9cb671ecfb) Importer(815301076,1909f56bfc062723c751e8b465ee728b)  -> (artifact id: '85839bc3a519a3f7572f340bd8334ea7') in 0.027889 seconds
  Import took 0.031890 seconds .

========================================================================
Received Prepare
Registering precompiled user dll's ...
Registered in 0.007637 seconds.
Begin MonoManager ReloadAssembly
Native extension for WindowsStandalone target not found
Refreshing native plugins compatible for Editor in 0.79 ms, found 0 plugins.
Preloading 0 native plugins for Editor in 0.00 ms.
Invoked RoslynAnalysisRunner static constructor.
RoslynAnalysisRunner will not be running.
RoslynAnalysisRunner has terminated.
Mono: successfully reloaded assembly
- Completed reload, in  1.051 seconds
Platform modules already initialized, skipping
Refreshing native plugins compatible for Editor in 0.32 ms, found 0 plugins.
Preloading 0 native plugins for Editor in 0.00 ms.
Unloading 1217 Unused Serialized files (Serialized files now loaded: 0)
System memory in use before: 62.4 MB.
System memory in use after: 62.5 MB.

Unloading 11 unused Assets to reduce memory usage. Loaded Objects now: 1691.
Total: 2.056900 ms (FindLiveObjects: 0.170600 ms CreateObjectMapping: 0.081900 ms MarkObjects: 1.732800 ms  DeleteObjects: 0.070500 ms)

========================================================================
Received Prepare
Registering precompiled user dll's ...
Registered in 0.008296 seconds.
Begin MonoManager ReloadAssembly
Native extension for WindowsStandalone target not found
Refreshing native plugins compatible for Editor in 0.30 ms, found 0 plugins.
Preloading 0 native plugins for Editor in 0.00 ms.
Invoked RoslynAnalysisRunner static constructor.
RoslynAnalysisRunner will not be running.
RoslynAnalysisRunner has terminated.
Mono: successfully reloaded assembly
- Completed reload, in  0.905 seconds
Platform modules already initialized, skipping
Refreshing native plugins compatible for Editor in 0.33 ms, found 0 plugins.
Preloading 0 native plugins for Editor in 0.00 ms.
Unloading 1217 Unused Serialized files (Serialized files now loaded: 0)
System memory in use before: 62.4 MB.
System memory in use after: 62.5 MB.

Unloading 10 unused Assets to reduce memory usage. Loaded Objects now: 1695.
Total: 2.363600 ms (FindLiveObjects: 0.179800 ms CreateObjectMapping: 0.085700 ms MarkObjects: 2.004900 ms  DeleteObjects: 0.092300 ms)

========================================================================
Received Import Request.
  Time since last request: 249.988065 seconds.
  path: Assets/Scripts/Launcher.cs
  artifactKey: Guid(44358bf8180e53945b35da9cb671ecfb) Importer(815301076,1909f56bfc062723c751e8b465ee728b)
Start importing Assets/Scripts/Launcher.cs using Guid(44358bf8180e53945b35da9cb671ecfb) Importer(815301076,1909f56bfc062723c751e8b465ee728b)  -> (artifact id: '6783379ac953e20de1257b55b7c2d354') in 0.006218 seconds
  Import took 0.008445 seconds .

========================================================================
Received Prepare
Registering precompiled user dll's ...
Registered in 0.008200 seconds.
Begin MonoManager ReloadAssembly
Native extension for WindowsStandalone target not found
Refreshing native plugins compatible for Editor in 0.34 ms, found 0 plugins.
Preloading 0 native plugins for Editor in 0.00 ms.
Invoked RoslynAnalysisRunner static constructor.
RoslynAnalysisRunner will not be running.
RoslynAnalysisRunner has terminated.
Mono: successfully reloaded assembly
- Completed reload, in  0.910 seconds
Platform modules already initialized, skipping
Refreshing native plugins compatible for Editor in 0.31 ms, found 0 plugins.
Preloading 0 native plugins for Editor in 0.00 ms.
Unloading 1217 Unused Serialized files (Serialized files now loaded: 0)
System memory in use before: 62.4 MB.
System memory in use after: 62.5 MB.

Unloading 10 unused Assets to reduce memory usage. Loaded Objects now: 1699.
Total: 2.726300 ms (FindLiveObjects: 0.281700 ms CreateObjectMapping: 0.254400 ms MarkObjects: 2.116500 ms  DeleteObjects: 0.072100 ms)

========================================================================
Received Prepare
Registering precompiled user dll's ...
Registered in 0.007753 seconds.
Begin MonoManager ReloadAssembly
Native extension for WindowsStandalone target not found
Refreshing native plugins compatible for Editor in 0.29 ms, found 0 plugins.
Preloading 0 native plugins for Editor in 0.00 ms.
Invoked RoslynAnalysisRunner static constructor.
RoslynAnalysisRunner will not be running.
RoslynAnalysisRunner has terminated.
Mono: successfully reloaded assembly
- Completed reload, in  0.902 seconds
Platform modules already initialized, skipping
Refreshing native plugins compatible for Editor in 0.31 ms, found 0 plugins.
Preloading 0 native plugins for Editor in 0.00 ms.
Unloading 1217 Unused Serialized files (Serialized files now loaded: 0)
System memory in use before: 62.4 MB.
System memory in use after: 62.5 MB.

Unloading 10 unused Assets to reduce memory usage. Loaded Objects now: 1703.
Total: 2.266300 ms (FindLiveObjects: 0.224400 ms CreateObjectMapping: 0.072400 ms MarkObjects: 1.891500 ms  DeleteObjects: 0.076900 ms)

========================================================================
Received Prepare
Registering precompiled user dll's ...
Registered in 0.007739 seconds.
Begin MonoManager ReloadAssembly
Native extension for WindowsStandalone target not found
Refreshing native plugins compatible for Editor in 0.31 ms, found 0 plugins.
Preloading 0 native plugins for Editor in 0.00 ms.
Invoked RoslynAnalysisRunner static constructor.
RoslynAnalysisRunner will not be running.
RoslynAnalysisRunner has terminated.
Mono: successfully reloaded assembly
- Completed reload, in  0.919 seconds
Platform modules already initialized, skipping
Refreshing native plugins compatible for Editor in 0.31 ms, found 0 plugins.
Preloading 0 native plugins for Editor in 0.00 ms.
Unloading 1217 Unused Serialized files (Serialized files now loaded: 0)
System memory in use before: 62.4 MB.
System memory in use after: 62.5 MB.

Unloading 10 unused Assets to reduce memory usage. Loaded Objects now: 1707.
Total: 1.834500 ms (FindLiveObjects: 0.144700 ms CreateObjectMapping: 0.041600 ms MarkObjects: 1.578100 ms  DeleteObjects: 0.069400 ms)

========================================================================
Received Prepare
Registering precompiled user dll's ...
Registered in 0.008431 seconds.
Begin MonoManager ReloadAssembly
Native extension for WindowsStandalone target not found
Refreshing native plugins compatible for Editor in 0.29 ms, found 0 plugins.
Preloading 0 native plugins for Editor in 0.00 ms.
Invoked RoslynAnalysisRunner static constructor.
RoslynAnalysisRunner will not be running.
RoslynAnalysisRunner has terminated.
Mono: successfully reloaded assembly
- Completed reload, in  1.089 seconds
Platform modules already initialized, skipping
Refreshing native plugins compatible for Editor in 0.51 ms, found 0 plugins.
Preloading 0 native plugins for Editor in 0.00 ms.
Unloading 1217 Unused Serialized files (Serialized files now loaded: 0)
System memory in use before: 62.4 MB.
System memory in use after: 62.5 MB.

Unloading 10 unused Assets to reduce memory usage. Loaded Objects now: 1711.
Total: 2.146700 ms (FindLiveObjects: 0.158100 ms CreateObjectMapping: 0.072800 ms MarkObjects: 1.830100 ms  DeleteObjects: 0.084500 ms)

========================================================================
Received Import Request.
  Time since last request: 634.854588 seconds.
  path: Assets/Photon/PhotonUnityNetworking/Resources/PhotonServerSettings.asset
  artifactKey: Guid(8435db4690e2ee44480d63464fa3bc04) Importer(815301076,1909f56bfc062723c751e8b465ee728b)
Start importing Assets/Photon/PhotonUnityNetworking/Resources/PhotonServerSettings.asset using Guid(8435db4690e2ee44480d63464fa3bc04) Importer(815301076,1909f56bfc062723c751e8b465ee728b)  -> (artifact id: '8981d663c58db9d7587a3ba73cfabc2c') in 0.018989 seconds
  Import took 0.021383 seconds .

========================================================================
Received Prepare
Registering precompiled user dll's ...
Registered in 0.007826 seconds.
Begin MonoManager ReloadAssembly
Native extension for WindowsStandalone target not found
Refreshing native plugins compatible for Editor in 0.30 ms, found 0 plugins.
Preloading 0 native plugins for Editor in 0.00 ms.
Invoked RoslynAnalysisRunner static constructor.
RoslynAnalysisRunner will not be running.
RoslynAnalysisRunner has terminated.
Mono: successfully reloaded assembly
- Completed reload, in  0.895 seconds
Platform modules already initialized, skipping
Refreshing native plugins compatible for Editor in 0.32 ms, found 0 plugins.
Preloading 0 native plugins for Editor in 0.00 ms.
Unloading 1217 Unused Serialized files (Serialized files now loaded: 0)
System memory in use before: 62.5 MB.
System memory in use after: 62.5 MB.

Unloading 10 unused Assets to reduce memory usage. Loaded Objects now: 1715.
Total: 2.731000 ms (FindLiveObjects: 0.408900 ms CreateObjectMapping: 0.144100 ms MarkObjects: 2.100600 ms  DeleteObjects: 0.075600 ms)

========================================================================
Received Prepare
Registering precompiled user dll's ...
Registered in 0.007864 seconds.
Begin MonoManager ReloadAssembly
Native extension for WindowsStandalone target not found
Refreshing native plugins compatible for Editor in 0.34 ms, found 0 plugins.
Preloading 0 native plugins for Editor in 0.00 ms.
Invoked RoslynAnalysisRunner static constructor.
RoslynAnalysisRunner will not be running.
RoslynAnalysisRunner has terminated.
Mono: successfully reloaded assembly
- Completed reload, in  0.896 seconds
Platform modules already initialized, skipping
Refreshing native plugins compatible for Editor in 0.30 ms, found 0 plugins.
Preloading 0 native plugins for Editor in 0.00 ms.
Unloading 1217 Unused Serialized files (Serialized files now loaded: 0)
System memory in use before: 62.5 MB.
System memory in use after: 62.5 MB.

Unloading 10 unused Assets to reduce memory usage. Loaded Objects now: 1719.
Total: 1.751800 ms (FindLiveObjects: 0.126100 ms CreateObjectMapping: 0.044200 ms MarkObjects: 1.495900 ms  DeleteObjects: 0.084700 ms)

========================================================================
Received Prepare
Registering precompiled user dll's ...
Registered in 0.008188 seconds.
Begin MonoManager ReloadAssembly
Native extension for WindowsStandalone target not found
Refreshing native plugins compatible for Editor in 0.33 ms, found 0 plugins.
Preloading 0 native plugins for Editor in 0.00 ms.
Invoked RoslynAnalysisRunner static constructor.
RoslynAnalysisRunner will not be running.
RoslynAnalysisRunner has terminated.
Mono: successfully reloaded assembly
- Completed reload, in  0.889 seconds
Platform modules already initialized, skipping
Refreshing native plugins compatible for Editor in 0.30 ms, found 0 plugins.
Preloading 0 native plugins for Editor in 0.00 ms.
Unloading 1217 Unused Serialized files (Serialized files now loaded: 0)
System memory in use before: 62.5 MB.
System memory in use after: 62.5 MB.

Unloading 10 unused Assets to reduce memory usage. Loaded Objects now: 1723.
Total: 2.158800 ms (FindLiveObjects: 0.171200 ms CreateObjectMapping: 0.075900 ms MarkObjects: 1.825200 ms  DeleteObjects: 0.085600 ms)

========================================================================
Received Prepare
Registering precompiled user dll's ...
Registered in 0.008011 seconds.
Begin MonoManager ReloadAssembly
Native extension for WindowsStandalone target not found
Refreshing native plugins compatible for Editor in 0.44 ms, found 0 plugins.
Preloading 0 native plugins for Editor in 0.00 ms.
Invoked RoslynAnalysisRunner static constructor.
RoslynAnalysisRunner will not be running.
RoslynAnalysisRunner has terminated.
Mono: successfully reloaded assembly
- Completed reload, in  0.907 seconds
Platform modules already initialized, skipping
Refreshing native plugins compatible for Editor in 0.33 ms, found 0 plugins.
Preloading 0 native plugins for Editor in 0.00 ms.
Unloading 1217 Unused Serialized files (Serialized files now loaded: 0)
System memory in use before: 62.5 MB.
System memory in use after: 62.6 MB.

Unloading 10 unused Assets to reduce memory usage. Loaded Objects now: 1727.
Total: 2.139200 ms (FindLiveObjects: 0.179900 ms CreateObjectMapping: 0.087400 ms MarkObjects: 1.806700 ms  DeleteObjects: 0.064300 ms)

========================================================================
Received Prepare
Registering precompiled user dll's ...
Registered in 0.008027 seconds.
Begin MonoManager ReloadAssembly
Native extension for WindowsStandalone target not found
Refreshing native plugins compatible for Editor in 0.30 ms, found 0 plugins.
Preloading 0 native plugins for Editor in 0.00 ms.
Invoked RoslynAnalysisRunner static constructor.
RoslynAnalysisRunner will not be running.
RoslynAnalysisRunner has terminated.
Mono: successfully reloaded assembly
- Completed reload, in  0.920 seconds
Platform modules already initialized, skipping
Refreshing native plugins compatible for Editor in 0.35 ms, found 0 plugins.
Preloading 0 native plugins for Editor in 0.00 ms.
Unloading 1217 Unused Serialized files (Serialized files now loaded: 0)
System memory in use before: 62.5 MB.
System memory in use after: 62.6 MB.

Unloading 10 unused Assets to reduce memory usage. Loaded Objects now: 1731.
Total: 2.187500 ms (FindLiveObjects: 0.176100 ms CreateObjectMapping: 0.082700 ms MarkObjects: 1.861500 ms  DeleteObjects: 0.066300 ms)

========================================================================
Received Prepare
Registering precompiled user dll's ...
Registered in 0.008034 seconds.
Begin MonoManager ReloadAssembly
Native extension for WindowsStandalone target not found
Refreshing native plugins compatible for Editor in 0.29 ms, found 0 plugins.
Preloading 0 native plugins for Editor in 0.00 ms.
Invoked RoslynAnalysisRunner static constructor.
RoslynAnalysisRunner will not be running.
RoslynAnalysisRunner has terminated.
Mono: successfully reloaded assembly
- Completed reload, in  0.878 seconds
Platform modules already initialized, skipping
Refreshing native plugins compatible for Editor in 0.31 ms, found 0 plugins.
Preloading 0 native plugins for Editor in 0.00 ms.
Unloading 1217 Unused Serialized files (Serialized files now loaded: 0)
System memory in use before: 62.5 MB.
System memory in use after: 62.6 MB.

Unloading 10 unused Assets to reduce memory usage. Loaded Objects now: 1735.
Total: 2.350200 ms (FindLiveObjects: 0.182500 ms CreateObjectMapping: 0.083700 ms MarkObjects: 1.995800 ms  DeleteObjects: 0.087400 ms)

========================================================================
Received Prepare
Registering precompiled user dll's ...
Registered in 0.007586 seconds.
Begin MonoManager ReloadAssembly
Native extension for WindowsStandalone target not found
Refreshing native plugins compatible for Editor in 0.29 ms, found 0 plugins.
Preloading 0 native plugins for Editor in 0.00 ms.
Invoked RoslynAnalysisRunner static constructor.
RoslynAnalysisRunner will not be running.
RoslynAnalysisRunner has terminated.
Mono: successfully reloaded assembly
- Completed reload, in  0.914 seconds
Platform modules already initialized, skipping
Refreshing native plugins compatible for Editor in 0.32 ms, found 0 plugins.
Preloading 0 native plugins for Editor in 0.00 ms.
Unloading 1217 Unused Serialized files (Serialized files now loaded: 0)
System memory in use before: 62.5 MB.
System memory in use after: 62.6 MB.

Unloading 10 unused Assets to reduce memory usage. Loaded Objects now: 1739.
Total: 2.330300 ms (FindLiveObjects: 0.224800 ms CreateObjectMapping: 0.109700 ms MarkObjects: 1.925600 ms  DeleteObjects: 0.069000 ms)

========================================================================
Received Prepare
Registering precompiled user dll's ...
Registered in 0.007573 seconds.
Begin MonoManager ReloadAssembly
Native extension for WindowsStandalone target not found
Refreshing native plugins compatible for Editor in 0.68 ms, found 0 plugins.
Preloading 0 native plugins for Editor in 0.00 ms.
Invoked RoslynAnalysisRunner static constructor.
RoslynAnalysisRunner will not be running.
RoslynAnalysisRunner has terminated.
Mono: successfully reloaded assembly
- Completed reload, in  0.932 seconds
Platform modules already initialized, skipping
Refreshing native plugins compatible for Editor in 0.38 ms, found 0 plugins.
Preloading 0 native plugins for Editor in 0.00 ms.
Unloading 1217 Unused Serialized files (Serialized files now loaded: 0)
System memory in use before: 62.5 MB.
System memory in use after: 62.6 MB.

Unloading 10 unused Assets to reduce memory usage. Loaded Objects now: 1743.
Total: 2.479800 ms (FindLiveObjects: 0.227100 ms CreateObjectMapping: 0.107700 ms MarkObjects: 2.083300 ms  DeleteObjects: 0.060000 ms)

========================================================================
Received Prepare
Registering precompiled user dll's ...
Registered in 0.008071 seconds.
Begin MonoManager ReloadAssembly
Native extension for WindowsStandalone target not found
Refreshing native plugins compatible for Editor in 0.30 ms, found 0 plugins.
Preloading 0 native plugins for Editor in 0.00 ms.
Invoked RoslynAnalysisRunner static constructor.
RoslynAnalysisRunner will not be running.
RoslynAnalysisRunner has terminated.
Mono: successfully reloaded assembly
- Completed reload, in  0.941 seconds
Platform modules already initialized, skipping
Refreshing native plugins compatible for Editor in 0.30 ms, found 0 plugins.
Preloading 0 native plugins for Editor in 0.00 ms.
Unloading 1217 Unused Serialized files (Serialized files now loaded: 0)
System memory in use before: 62.5 MB.
System memory in use after: 62.6 MB.

Unloading 10 unused Assets to reduce memory usage. Loaded Objects now: 1747.
Total: 2.041800 ms (FindLiveObjects: 0.197100 ms CreateObjectMapping: 0.090200 ms MarkObjects: 1.692400 ms  DeleteObjects: 0.061200 ms)

========================================================================
Received Prepare
Registering precompiled user dll's ...
Registered in 0.008207 seconds.
Begin MonoManager ReloadAssembly
Native extension for WindowsStandalone target not found
Refreshing native plugins compatible for Editor in 0.39 ms, found 0 plugins.
Preloading 0 native plugins for Editor in 0.00 ms.
Invoked RoslynAnalysisRunner static constructor.
RoslynAnalysisRunner will not be running.
RoslynAnalysisRunner has terminated.
Mono: successfully reloaded assembly
- Completed reload, in  0.965 seconds
Platform modules already initialized, skipping
Refreshing native plugins compatible for Editor in 0.66 ms, found 0 plugins.
Preloading 0 native plugins for Editor in 0.00 ms.
Unloading 1217 Unused Serialized files (Serialized files now loaded: 0)
System memory in use before: 62.5 MB.
System memory in use after: 62.6 MB.

Unloading 10 unused Assets to reduce memory usage. Loaded Objects now: 1751.
Total: 2.579300 ms (FindLiveObjects: 0.237100 ms CreateObjectMapping: 0.085100 ms MarkObjects: 2.180500 ms  DeleteObjects: 0.074800 ms)

========================================================================
Received Prepare
Refreshing native plugins compatible for Editor in 5.42 ms, found 0 plugins.
Preloading 0 native plugins for Editor in 0.00 ms.
Unloading 8 Unused Serialized files (Serialized files now loaded: 0)
System memory in use before: 38.6 MB.
System memory in use after: 38.6 MB.

Unloading 8 unused Assets to reduce memory usage. Loaded Objects now: 1751.
Total: 2.762200 ms (FindLiveObjects: 0.239000 ms CreateObjectMapping: 0.086600 ms MarkObjects: 2.367700 ms  DeleteObjects: 0.068100 ms)

========================================================================
Received Prepare
Refreshing native plugins compatible for Editor in 5.84 ms, found 0 plugins.
Preloading 0 native plugins for Editor in 0.00 ms.
Unloading 8 Unused Serialized files (Serialized files now loaded: 0)
System memory in use before: 38.6 MB.
System memory in use after: 38.7 MB.

Unloading 8 unused Assets to reduce memory usage. Loaded Objects now: 1751.
Total: 1.730000 ms (FindLiveObjects: 0.163200 ms CreateObjectMapping: 0.040800 ms MarkObjects: 1.468100 ms  DeleteObjects: 0.056800 ms)

========================================================================
Received Prepare
Registering precompiled user dll's ...
Registered in 0.008324 seconds.
Begin MonoManager ReloadAssembly
Native extension for WindowsStandalone target not found
Refreshing native plugins compatible for Editor in 0.31 ms, found 0 plugins.
Preloading 0 native plugins for Editor in 0.00 ms.
Invoked RoslynAnalysisRunner static constructor.
RoslynAnalysisRunner will not be running.
RoslynAnalysisRunner has terminated.
Mono: successfully reloaded assembly
- Completed reload, in  1.098 seconds
Platform modules already initialized, skipping
Refreshing native plugins compatible for Editor in 0.50 ms, found 0 plugins.
Preloading 0 native plugins for Editor in 0.00 ms.
Unloading 1217 Unused Serialized files (Serialized files now loaded: 0)
System memory in use before: 62.6 MB.
System memory in use after: 62.6 MB.

Unloading 10 unused Assets to reduce memory usage. Loaded Objects now: 1755.
Total: 2.360800 ms (FindLiveObjects: 0.209900 ms CreateObjectMapping: 0.093600 ms MarkObjects: 1.984300 ms  DeleteObjects: 0.071600 ms)

========================================================================
Received Prepare
Registering precompiled user dll's ...
Registered in 0.010169 seconds.
Begin MonoManager ReloadAssembly
Native extension for WindowsStandalone target not found
Refreshing native plugins compatible for Editor in 0.35 ms, found 0 plugins.
Preloading 0 native plugins for Editor in 0.00 ms.
Invoked RoslynAnalysisRunner static constructor.
RoslynAnalysisRunner will not be running.
RoslynAnalysisRunner has terminated.
Mono: successfully reloaded assembly
- Completed reload, in  1.164 seconds
Platform modules already initialized, skipping
Refreshing native plugins compatible for Editor in 0.46 ms, found 0 plugins.
Preloading 0 native plugins for Editor in 0.00 ms.
Unloading 1217 Unused Serialized files (Serialized files now loaded: 0)
System memory in use before: 62.6 MB.
System memory in use after: 62.6 MB.

Unloading 10 unused Assets to reduce memory usage. Loaded Objects now: 1759.
Total: 2.480400 ms (FindLiveObjects: 0.178800 ms CreateObjectMapping: 0.078100 ms MarkObjects: 2.153400 ms  DeleteObjects: 0.068400 ms)

========================================================================
Received Prepare
Registering precompiled user dll's ...
Registered in 0.008493 seconds.
Begin MonoManager ReloadAssembly
Native extension for WindowsStandalone target not found
Refreshing native plugins compatible for Editor in 0.47 ms, found 0 plugins.
Preloading 0 native plugins for Editor in 0.00 ms.
Invoked RoslynAnalysisRunner static constructor.
RoslynAnalysisRunner will not be running.
RoslynAnalysisRunner has terminated.
Mono: successfully reloaded assembly
- Completed reload, in  1.010 seconds
Platform modules already initialized, skipping
Refreshing native plugins compatible for Editor in 0.31 ms, found 0 plugins.
Preloading 0 native plugins for Editor in 0.00 ms.
Unloading 1217 Unused Serialized files (Serialized files now loaded: 0)
System memory in use before: 62.6 MB.
System memory in use after: 62.6 MB.

Unloading 10 unused Assets to reduce memory usage. Loaded Objects now: 1763.
Total: 2.448500 ms (FindLiveObjects: 0.192100 ms CreateObjectMapping: 0.088100 ms MarkObjects: 2.098000 ms  DeleteObjects: 0.068900 ms)

========================================================================
Received Prepare
Registering precompiled user dll's ...
Registered in 0.008913 seconds.
Begin MonoManager ReloadAssembly
Native extension for WindowsStandalone target not found
Refreshing native plugins compatible for Editor in 0.33 ms, found 0 plugins.
Preloading 0 native plugins for Editor in 0.00 ms.
Invoked RoslynAnalysisRunner static constructor.
RoslynAnalysisRunner will not be running.
RoslynAnalysisRunner has terminated.
Mono: successfully reloaded assembly
- Completed reload, in  1.672 seconds
Platform modules already initialized, skipping
Refreshing native plugins compatible for Editor in 0.34 ms, found 0 plugins.
Preloading 0 native plugins for Editor in 0.00 ms.
Unloading 1217 Unused Serialized files (Serialized files now loaded: 0)
System memory in use before: 62.6 MB.
System memory in use after: 62.7 MB.

Unloading 10 unused Assets to reduce memory usage. Loaded Objects now: 1767.
Total: 2.315900 ms (FindLiveObjects: 0.151700 ms CreateObjectMapping: 0.042200 ms MarkObjects: 2.050400 ms  DeleteObjects: 0.070400 ms)

========================================================================
Received Prepare
Refreshing native plugins compatible for Editor in 5.16 ms, found 0 plugins.
Preloading 0 native plugins for Editor in 0.00 ms.
Unloading 8 Unused Serialized files (Serialized files now loaded: 0)
System memory in use before: 38.6 MB.
System memory in use after: 38.7 MB.

Unloading 8 unused Assets to reduce memory usage. Loaded Objects now: 1767.
Total: 1.728100 ms (FindLiveObjects: 0.148200 ms CreateObjectMapping: 0.049700 ms MarkObjects: 1.467600 ms  DeleteObjects: 0.061800 ms)

========================================================================
Received Prepare
Registering precompiled user dll's ...
Registered in 0.008752 seconds.
Begin MonoManager ReloadAssembly
Native extension for WindowsStandalone target not found
Refreshing native plugins compatible for Editor in 0.45 ms, found 0 plugins.
Preloading 0 native plugins for Editor in 0.00 ms.
Invoked RoslynAnalysisRunner static constructor.
RoslynAnalysisRunner will not be running.
RoslynAnalysisRunner has terminated.
Mono: successfully reloaded assembly
- Completed reload, in  1.324 seconds
Platform modules already initialized, skipping
Refreshing native plugins compatible for Editor in 0.33 ms, found 0 plugins.
Preloading 0 native plugins for Editor in 0.00 ms.
Unloading 1217 Unused Serialized files (Serialized files now loaded: 0)
System memory in use before: 62.6 MB.
System memory in use after: 62.7 MB.

Unloading 10 unused Assets to reduce memory usage. Loaded Objects now: 1771.
Total: 2.356900 ms (FindLiveObjects: 0.190500 ms CreateObjectMapping: 0.080800 ms MarkObjects: 2.018400 ms  DeleteObjects: 0.066300 ms)

========================================================================
Received Prepare
Registering precompiled user dll's ...
Registered in 0.009463 seconds.
Begin MonoManager ReloadAssembly
Native extension for WindowsStandalone target not found
Refreshing native plugins compatible for Editor in 0.32 ms, found 0 plugins.
Preloading 0 native plugins for Editor in 0.00 ms.
Invoked RoslynAnalysisRunner static constructor.
RoslynAnalysisRunner will not be running.
RoslynAnalysisRunner has terminated.
Mono: successfully reloaded assembly
- Completed reload, in  0.996 seconds
Platform modules already initialized, skipping
Refreshing native plugins compatible for Editor in 0.30 ms, found 0 plugins.
Preloading 0 native plugins for Editor in 0.00 ms.
Unloading 1217 Unused Serialized files (Serialized files now loaded: 0)
System memory in use before: 62.6 MB.
System memory in use after: 62.7 MB.

Unloading 10 unused Assets to reduce memory usage. Loaded Objects now: 1775.
Total: 2.462100 ms (FindLiveObjects: 0.196200 ms CreateObjectMapping: 0.089600 ms MarkObjects: 2.034900 ms  DeleteObjects: 0.139900 ms)

========================================================================
Received Prepare
Registering precompiled user dll's ...
Registered in 0.011344 seconds.
Begin MonoManager ReloadAssembly
Native extension for WindowsStandalone target not found
Refreshing native plugins compatible for Editor in 0.29 ms, found 0 plugins.
Preloading 0 native plugins for Editor in 0.00 ms.
Invoked RoslynAnalysisRunner static constructor.
RoslynAnalysisRunner will not be running.
RoslynAnalysisRunner has terminated.
Mono: successfully reloaded assembly
- Completed reload, in  0.885 seconds
Platform modules already initialized, skipping
Refreshing native plugins compatible for Editor in 0.38 ms, found 0 plugins.
Preloading 0 native plugins for Editor in 0.00 ms.
Unloading 1217 Unused Serialized files (Serialized files now loaded: 0)
System memory in use before: 62.6 MB.
System memory in use after: 62.7 MB.

Unloading 10 unused Assets to reduce memory usage. Loaded Objects now: 1779.
Total: 2.307200 ms (FindLiveObjects: 0.164500 ms CreateObjectMapping: 0.073000 ms MarkObjects: 1.990700 ms  DeleteObjects: 0.078200 ms)

========================================================================
Received Prepare
Registering precompiled user dll's ...
Registered in 0.009137 seconds.
Begin MonoManager ReloadAssembly
Native extension for WindowsStandalone target not found
Refreshing native plugins compatible for Editor in 0.48 ms, found 0 plugins.
Preloading 0 native plugins for Editor in 0.00 ms.
Invoked RoslynAnalysisRunner static constructor.
RoslynAnalysisRunner will not be running.
RoslynAnalysisRunner has terminated.
Mono: successfully reloaded assembly
- Completed reload, in  1.114 seconds
Platform modules already initialized, skipping
Refreshing native plugins compatible for Editor in 0.32 ms, found 0 plugins.
Preloading 0 native plugins for Editor in 0.00 ms.
Unloading 1218 Unused Serialized files (Serialized files now loaded: 0)
System memory in use before: 62.6 MB.
System memory in use after: 62.7 MB.

Unloading 10 unused Assets to reduce memory usage. Loaded Objects now: 1784.
Total: 2.889200 ms (FindLiveObjects: 0.238700 ms CreateObjectMapping: 0.119500 ms MarkObjects: 2.447800 ms  DeleteObjects: 0.082000 ms)

========================================================================
Received Import Request.
  Time since last request: 13458.565612 seconds.
  path: Assets/Scripts/RoomButtonScript.cs
  artifactKey: Guid(e621d9805800c8e4fadf6c1145fe2149) Importer(815301076,1909f56bfc062723c751e8b465ee728b)
Start importing Assets/Scripts/RoomButtonScript.cs using Guid(e621d9805800c8e4fadf6c1145fe2149) Importer(815301076,1909f56bfc062723c751e8b465ee728b)  -> (artifact id: 'b266b6dce3e8440d7b4bb56ff421b084') in 0.008637 seconds
  Import took 0.013214 seconds .

========================================================================
Received Prepare
Registering precompiled user dll's ...
Registered in 0.008983 seconds.
Begin MonoManager ReloadAssembly
Native extension for WindowsStandalone target not found
Refreshing native plugins compatible for Editor in 0.35 ms, found 0 plugins.
Preloading 0 native plugins for Editor in 0.00 ms.
Invoked RoslynAnalysisRunner static constructor.
RoslynAnalysisRunner will not be running.
RoslynAnalysisRunner has terminated.
Mono: successfully reloaded assembly
- Completed reload, in  1.070 seconds
Platform modules already initialized, skipping
Refreshing native plugins compatible for Editor in 0.32 ms, found 0 plugins.
Preloading 0 native plugins for Editor in 0.00 ms.
Unloading 1218 Unused Serialized files (Serialized files now loaded: 0)
System memory in use before: 62.6 MB.
System memory in use after: 62.7 MB.

Unloading 10 unused Assets to reduce memory usage. Loaded Objects now: 1788.
Total: 2.170200 ms (FindLiveObjects: 0.182900 ms CreateObjectMapping: 0.076900 ms MarkObjects: 1.851100 ms  DeleteObjects: 0.058500 ms)

========================================================================
Received Prepare
Registering precompiled user dll's ...
Registered in 0.008376 seconds.
Begin MonoManager ReloadAssembly
Native extension for WindowsStandalone target not found
Refreshing native plugins compatible for Editor in 0.31 ms, found 0 plugins.
Preloading 0 native plugins for Editor in 0.00 ms.
Invoked RoslynAnalysisRunner static constructor.
RoslynAnalysisRunner will not be running.
RoslynAnalysisRunner has terminated.
Mono: successfully reloaded assembly
- Completed reload, in  0.988 seconds
Platform modules already initialized, skipping
Refreshing native plugins compatible for Editor in 0.31 ms, found 0 plugins.
Preloading 0 native plugins for Editor in 0.00 ms.
Unloading 1218 Unused Serialized files (Serialized files now loaded: 0)
System memory in use before: 62.6 MB.
System memory in use after: 62.7 MB.

Unloading 10 unused Assets to reduce memory usage. Loaded Objects now: 1792.
Total: 2.317700 ms (FindLiveObjects: 0.182000 ms CreateObjectMapping: 0.088900 ms MarkObjects: 1.966300 ms  DeleteObjects: 0.062400 ms)

========================================================================
Received Import Request.
  Time since last request: 196.950405 seconds.
  path: Assets/Scripts/Launcher.cs
  artifactKey: Guid(44358bf8180e53945b35da9cb671ecfb) Importer(815301076,1909f56bfc062723c751e8b465ee728b)
Start importing Assets/Scripts/Launcher.cs using Guid(44358bf8180e53945b35da9cb671ecfb) Importer(815301076,1909f56bfc062723c751e8b465ee728b)  -> (artifact id: 'cd6a1e4335d4e74e0bfb857df226db3b') in 0.007713 seconds
  Import took 0.010532 seconds .

========================================================================
Received Import Request.
  Time since last request: 0.005906 seconds.
  path: Assets/Scripts/Launcher.cs
  artifactKey: Guid(44358bf8180e53945b35da9cb671ecfb) Importer(815301076,1909f56bfc062723c751e8b465ee728b)
Start importing Assets/Scripts/Launcher.cs using Guid(44358bf8180e53945b35da9cb671ecfb) Importer(815301076,1909f56bfc062723c751e8b465ee728b)  -> (artifact id: 'cd6a1e4335d4e74e0bfb857df226db3b') in 0.004878 seconds
  Import took 0.007518 seconds .

========================================================================
Received Import Request.
  Time since last request: 48.997860 seconds.
  path: Assets/Scripts/RoomButtonScript.cs
  artifactKey: Guid(e621d9805800c8e4fadf6c1145fe2149) Importer(815301076,1909f56bfc062723c751e8b465ee728b)
Start importing Assets/Scripts/RoomButtonScript.cs using Guid(e621d9805800c8e4fadf6c1145fe2149) Importer(815301076,1909f56bfc062723c751e8b465ee728b)  -> (artifact id: '8a986369d09e59663a80b2aa1d874db1') in 0.004440 seconds
  Import took 0.007133 seconds .

========================================================================
Received Import Request.
  Time since last request: 6.609695 seconds.
  path: Assets/Scripts/RoomButton.cs
  artifactKey: Guid(e621d9805800c8e4fadf6c1145fe2149) Importer(815301076,1909f56bfc062723c751e8b465ee728b)
Start importing Assets/Scripts/RoomButton.cs using Guid(e621d9805800c8e4fadf6c1145fe2149) Importer(815301076,1909f56bfc062723c751e8b465ee728b)  -> (artifact id: '2d318d2ff523e7bf3998b828d01c6351') in 0.005762 seconds
  Import took 0.008685 seconds .

========================================================================
Received Prepare
Registering precompiled user dll's ...
Registered in 0.007935 seconds.
Begin MonoManager ReloadAssembly
Native extension for WindowsStandalone target not found
Refreshing native plugins compatible for Editor in 0.30 ms, found 0 plugins.
Preloading 0 native plugins for Editor in 0.00 ms.
Invoked RoslynAnalysisRunner static constructor.
RoslynAnalysisRunner will not be running.
RoslynAnalysisRunner has terminated.
Mono: successfully reloaded assembly
- Completed reload, in  1.021 seconds
Platform modules already initialized, skipping
Refreshing native plugins compatible for Editor in 0.32 ms, found 0 plugins.
Preloading 0 native plugins for Editor in 0.00 ms.
Unloading 1218 Unused Serialized files (Serialized files now loaded: 0)
System memory in use before: 62.7 MB.
System memory in use after: 62.7 MB.

Unloading 10 unused Assets to reduce memory usage. Loaded Objects now: 1796.
Total: 2.201700 ms (FindLiveObjects: 0.184800 ms CreateObjectMapping: 0.075000 ms MarkObjects: 1.858500 ms  DeleteObjects: 0.082600 ms)

========================================================================
Received Import Request.
  Time since last request: 71.343891 seconds.
  path: Assets/Scenes/MainMenu.unity
  artifactKey: Guid(3229e84be00df994498c33bcd572dc7f) Importer(815301076,1909f56bfc062723c751e8b465ee728b)
Start importing Assets/Scenes/MainMenu.unity using Guid(3229e84be00df994498c33bcd572dc7f) Importer(815301076,1909f56bfc062723c751e8b465ee728b)  -> (artifact id: 'e8f8d7487b5e4e7c91489a5884220455') in 0.017563 seconds
  Import took 0.020252 seconds .

========================================================================
Received Import Request.
  Time since last request: 1.095146 seconds.
  path: Assets/Scenes/Map1.unity
  artifactKey: Guid(2652949aa6bbc7146b0b097795ccc958) Importer(815301076,1909f56bfc062723c751e8b465ee728b)
Start importing Assets/Scenes/Map1.unity using Guid(2652949aa6bbc7146b0b097795ccc958) Importer(815301076,1909f56bfc062723c751e8b465ee728b)  -> (artifact id: 'bf41e87bed8a59436d0b62f0eee9e849') in 0.005329 seconds
  Import took 0.007831 seconds .

========================================================================
Received Import Request.
  Time since last request: 0.000793 seconds.
  path: Assets/Scenes/Map1.unity
  artifactKey: Guid(2652949aa6bbc7146b0b097795ccc958) Importer(815301076,1909f56bfc062723c751e8b465ee728b)
Start importing Assets/Scenes/Map1.unity using Guid(2652949aa6bbc7146b0b097795ccc958) Importer(815301076,1909f56bfc062723c751e8b465ee728b)  -> (artifact id: 'bf41e87bed8a59436d0b62f0eee9e849') in 0.004764 seconds
  Import took 0.007339 seconds .

AssetImportWorkerClient::OnTransportError - code=2 error=End of file
